Info: CustomCategory:introduccion: 15 mini seconds publishing element
Info: Role:gerente: 32 mini seconds publishing element
Info: Role:arquitecto_de_sw: 15 mini seconds publishing element
Info: Role:arquitecto_de_sw: 31 mini seconds publishing element
Info: Role:arquitecto_de_sw: 32 mini seconds publishing element
Info: Role:arquitecto_de_sw: 15 mini seconds publishing element
Info: Role:lider_de_proyecto: 32 mini seconds publishing element
Info: Role:arquitecto_de_sw: 15 mini seconds publishing element
Info: Role:arquitecto_de_sw: 31 mini seconds publishing element
Info: Role:lider_de_proyecto: 32 mini seconds publishing element
Info: Role:arquitecto_de_sw: 31 mini seconds publishing element
Info: Role:arquitecto_de_sw: 47 mini seconds publishing element
Info: Role:analista_de_negocio: 47 mini seconds publishing element
Info: Role:analista_de_negocio: 62 mini seconds publishing element
Info: Role:arquitecto_de_sw: 31 mini seconds publishing element
Info: Role:arquitecto_de_sw: 110 mini seconds publishing element
Info: Role:lider_de_proyecto: 31 mini seconds publishing element
Info: Role:lider_de_proyecto: 16 mini seconds publishing element
Info: Role:gerente: 31 mini seconds publishing element
Info: Role:arquitecto_de_sw: 31 mini seconds publishing element
Info: Role:analista_de_negocio_a: 31 mini seconds publishing element
Info: Role:arquitecto_de_sw: 32 mini seconds publishing element
Info: Role:arquitecto_de_sw: 46 mini seconds publishing element
Info: Role:analista_de_negocio: 32 mini seconds publishing element
Info: Role:arquitecto_de_sw: 31 mini seconds publishing element
Info: Role:arquitecto_de_sw: 31 mini seconds publishing element
Info: Role:arquitecto_de_sw: 16 mini seconds publishing element
Info: Role:arquitecto_de_sw: 31 mini seconds publishing element
Info: Role:arquitecto_de_sw: 31 mini seconds publishing element
Info: Role:desarrollador_backend: 16 mini seconds publishing element
Info: Role:desarrollador_frontend: 16 mini seconds publishing element
Info: Role:desarrollador_backend: 31 mini seconds publishing element
Info: Role:desarrollador_backend: 31 mini seconds publishing element
Info: Role:desarrollador_frontend: 31 mini seconds publishing element
Info: Role:desarrollador_backend: 31 mini seconds publishing element
Info: Role:desarrollador_frontend: 32 mini seconds publishing element
Info: CustomCategory:procesos: 31 mini seconds publishing element
Info: Task:analizar_las_necesidades_del_proyecto: 16 mini seconds publishing element
Info: Task:asignar_responsabilidades: 0 mini seconds publishing element
Info: Task:evaluar_la_carga_de_trabajo: 0 mini seconds publishing element
Info: Task:identificar_las_habilidades_de_los_miembros_del_equipo: 15 mini seconds publishing element
Info: Task:definir_los_casos_de_uso: 0 mini seconds publishing element
Info: Task:identificar_los_actores_y_sus_objetivos: 0 mini seconds publishing element
Info: Task:analizar_el_dominio_del_negocio: 16 mini seconds publishing element
Info: Task:crear_el_diagrama_de_dominio: 0 mini seconds publishing element
Info: Task:identificar_las_entidades_y_sus_relaciones: 0 mini seconds publishing element
Info: Task:determinar_las_categorias_de_causas: 15 mini seconds publishing element
Info: Task:identificar_el_problema_central: 0 mini seconds publishing element
Info: Task:identificar_las_causas_raiz: 0 mini seconds publishing element
Info: Task:crear_el_diagrama_de_pareto: 16 mini seconds publishing element
Info: Task:identificar_los_elementos_relevantes: 0 mini seconds publishing element
Info: Task:recopilar_datos_y_realizar_analisis: 16 mini seconds publishing element
Info: Task:crear_una_estructura_de_desglose_del_trabajo_: 0 mini seconds publishing element
Info: Task:definir_los_objetivos_y_alcance_del_proyecto: 15 mini seconds publishing element
Info: Task:estimar_tiempos_y_recursos: 0 mini seconds publishing element
Info: Task:analizar_los_requisitos_de_comunicacion: 16 mini seconds publishing element
Info: Task:identificar_involucrados: 0 mini seconds publishing element
Info: Task:representar_visualmente_el_diagrama_de_comunicacion: 0 mini seconds publishing element
Info: Task:definir_las_metas_y_los_criterios_de_solucion_: 31 mini seconds publishing element
Info: Task:documentar_los_problemas_y_los_objetivos: 0 mini seconds publishing element
Info: Task:identificar_los_problemas_clave: 16 mini seconds publishing element
Info: Task:priorizar_los_problemas_identificados: 0 mini seconds publishing element
Info: Task:realizar_un_diagnostico_del_sistema: 16 mini seconds publishing element
Info: Task:crear_una_estructura_de_desglose_del_trabajo: 0 mini seconds publishing element
Info: Task:estimar_tiempos_y_recursos: 15 mini seconds publishing element
Info: Task:detallar_el_dilogo: 0 mini seconds publishing element
Info: Task:detallar_el_formulario: 16 mini seconds publishing element
Info: Task:identificacion_del_dialogo: 0 mini seconds publishing element
Info: Task:identificacion_del_formulario: 0 mini seconds publishing element
Info: Task:analizar_los_requisitos_del_sistema: 15 mini seconds publishing element
Info: Task:definir_la_secuencia_de_procesos: 0 mini seconds publishing element
Info: Task:documentar_la_estuctura_de_procesos: 16 mini seconds publishing element
Info: Task:identificar_las_entradas_y_salidas: 0 mini seconds publishing element
Info: Task:identificar_los_procesos_principales: 0 mini seconds publishing element
Info: Task:diagramas_de_flujo_de_reglas: 16 mini seconds publishing element
Info: Task:matrices_de_reglas: 0 mini seconds publishing element
Info: Task:documentacion_de_los_procesos: 0 mini seconds publishing element
Info: Task:identificacin_de_las_reas_funcionales: 15 mini seconds publishing element
Info: Task:mapeo_de_alto_nivel_de_los_procesos: 0 mini seconds publishing element
Info: Task:recopilacion_de_informacin_: 0 mini seconds publishing element
Info: Task:documentar_perfiles: 16 mini seconds publishing element
Info: Task:identificar_involucrados: 0 mini seconds publishing element
Info: Task:ponderar_nivel_de_participacion_en_la_toma_de_decisiones: 0 mini seconds publishing element
Info: Task:definir_perfiles_de_usuario: 15 mini seconds publishing element
Info: Task:realizar_entrevistas_y_sesiones_de_retroalimentacin_: 0 mini seconds publishing element
Info: Task:realizar_un_anlisis_de_stakeholders: 0 mini seconds publishing element
Info: Task:analizar_las_necesidades_del_proyecto: 16 mini seconds publishing element
Info: Task:asignar_responsabilidades: 0 mini seconds publishing element
Info: Task:evaluar_la_carga_de_trabajo: 0 mini seconds publishing element
Info: Task:identificar_las_habilidades_de_los_miembros_del_equipo: 16 mini seconds publishing element
Info: Task:determina_que_informacion_necesitas_recopilar_a_traves_del_formulario: 0 mini seconds publishing element
Info: Task:disenar_la_estructura_y_los_campos_organiza_el_formulario_de_manera_logica: 0 mini seconds publishing element
Info: Task:probar_y_mejorar_el_diseno_realiza_pruebas_para_garantizar_que_el_formulario_sea_facil_de_entender_y_completar: 15 mini seconds publishing element
Info: Task:analisis_de_los_plazos: 0 mini seconds publishing element
Info: Task:aprobacion_del_plan: 16 mini seconds publishing element
Info: Task:evaluacion_del_presupuesto: 0 mini seconds publishing element
Info: Task:identificacion_de_riesgos: 0 mini seconds publishing element
Info: Task:revision_de_los_recursos: 0 mini seconds publishing element
Info: Task:corroborar_pasos: 15 mini seconds publishing element
Info: Task:crear_diagrama: 0 mini seconds publishing element
Info: Task:estructurar_los_pasos_de_los_casos_de_uso: 16 mini seconds publishing element
Info: Task:identificar_los_casos_de_uso: 0 mini seconds publishing element
Info: Task:crear_rasgos_o_perfil_de_usuario: 16 mini seconds publishing element
Info: Task:documentar_los_actores_del_sistema: 0 mini seconds publishing element
Info: Task:identificar_los_objetivos_de_los_usuarios: 0 mini seconds publishing element
Info: Task:identificar_los_usuarios_del_sistema: 15 mini seconds publishing element
Info: Task:comprender_los_requisitos_y_objetivo_del_proyecto: 0 mini seconds publishing element
Info: Task:elaborar_plan_de_automatizacion: 16 mini seconds publishing element
Info: Task:identificar_herramientas_de_automatizacion: 0 mini seconds publishing element
Info: Task:seleccionar_puntos_criticos_de_automatizacion: 0 mini seconds publishing element
Info: Task:analizar_los_requerimientos_del_proyecto: 16 mini seconds publishing element
Info: Task:documentar_la_estructura: 0 mini seconds publishing element
Info: Task:identificar_las_funcionalidades: 0 mini seconds publishing element
Info: Task:organizar_en_modulos: 15 mini seconds publishing element
Info: Task:priorizar_las_funcionalidades: 0 mini seconds publishing element
Info: Task:documentacion_de_los_requisitos_funcionales: 16 mini seconds publishing element
Info: Task:hablar_con_cliente_sobre_las_necesidades_que_tiene: 15 mini seconds publishing element
Info: Task:recopilacion_y_analisis_del_negocio: 0 mini seconds publishing element
Info: Task:crear_matriz_de_trazabilidad: 0 mini seconds publishing element
Info: Task:identificar_los_requisitos_del_proyecto: 0 mini seconds publishing element
Info: Task:ordenar_requisitos_por_prioridad: 0 mini seconds publishing element
Info: Task:crear_un_esquema_de_pagina: 16 mini seconds publishing element
Info: Task:disenar_la_interfaz_de_usuario_mockups: 0 mini seconds publishing element
Info: Task:identificar_los_requisitos_del_usuario: 15 mini seconds publishing element
Info: Task:disenar_el_diagrama_de_clases: 0 mini seconds publishing element
Info: Task:identificar_las_conexiones_y_los_atributos: 16 mini seconds publishing element
Info: Task:identificar_las_relaciones_entre_las_concreciones: 0 mini seconds publishing element
Info: Task:validar_el_diagrama: 16 mini seconds publishing element
Info: Task:crear_el_diagrama_de_comunicacion: 0 mini seconds publishing element
Info: Task:crear_flujos_de_comunicacion: 15 mini seconds publishing element
Info: Task:identificar_las_clases_y_sus_metodos: 0 mini seconds publishing element
Info: Task:validar_diagrama: 16 mini seconds publishing element
Info: Task:comprender_los_casos_de_uso: 15 mini seconds publishing element
Info: Task:crear_el_diagrama_de_secuencia: 0 mini seconds publishing element
Info: Task:identificar_las_clases_y_sus_metodos: 16 mini seconds publishing element
Info: Task:validar_diagrama: 0 mini seconds publishing element
Info: Task:definir_estructura_del_proyecto: 16 mini seconds publishing element
Info: Task:desarrollar_codigo: 0 mini seconds publishing element
Info: Task:identificar_la_arquitectura_de_software: 15 mini seconds publishing element
Info: Task:crear_disenos: 0 mini seconds publishing element
Info: Task:crear_la_estructura_del_proyecto: 16 mini seconds publishing element
Info: Task:definir_la_estructura_de_la_interfaz_de_usuario: 0 mini seconds publishing element
Info: Task:escribir_codigo: 16 mini seconds publishing element
Info: Task:establecer_criterios_de_aceptacion: 0 mini seconds publishing element
Info: Task:realizar_push_o_guardar: 15 mini seconds publishing element
Info: Task:revisar_cumplimiento_de_estructura: 0 mini seconds publishing element
Info: Task:dar_seguimiento_a_los_errores: 16 mini seconds publishing element
Info: Task:ejecutar_el_plan_de_pruebas: 0 mini seconds publishing element
Info: Task:evaluar_de_criterios_de_errores: 0 mini seconds publishing element
Info: Task:preparacion_del_entorno_de_prueba: 15 mini seconds publishing element
Info: Task:construir_o_montar_la_aplicacion: 16 mini seconds publishing element
Info: Task:depuracion_y_seguimiento_de_errores: 16 mini seconds publishing element
Info: Task:desplegar_la_aplicacion: 0 mini seconds publishing element
Info: Task:preparar_servidor_de_azure: 0 mini seconds publishing element
Info: Task:realizar_pruebas_de_despliegue: 15 mini seconds publishing element
Info: Artifact:diagrama_de_gantt: 0 mini seconds publishing element
Info: Artifact:matriz_de_competencias: 16 mini seconds publishing element
Info: Task:recopilar_requisitos_del_negocio: 0 mini seconds publishing element
Info: Artifact:diagrama_de_casos_de_uso_del_negocio: 15 mini seconds publishing element
Info: Artifact:diagrama_de_dominio: 16 mini seconds publishing element
Info: Artifact:diagrama_de_espina_de_pescado: 0 mini seconds publishing element
Info: Artifact:diagrama_de_pareto: 16 mini seconds publishing element
Info: Artifact:informes_de_seguimiento: 0 mini seconds publishing element
Info: Artifact:diagrama_de_comunicacion: 15 mini seconds publishing element
Info: Artifact:documento_de_problemas_y_objetivos: 0 mini seconds publishing element
Info: Artifact:matriz_de_priorizacion: 16 mini seconds publishing element
Info: Artifact:framework_zachman: 0 mini seconds publishing element
Info: Artifact:informe_de_grupos_de_trabajo: 0 mini seconds publishing element
Info: Artifact:inicio_de_proyectos: 16 mini seconds publishing element
Info: Artifact:dialogo: 0 mini seconds publishing element
Info: Artifact:formulario_en_papel: 15 mini seconds publishing element
Info: Artifact:diagrama_de_flujo_de_los_procesos: 0 mini seconds publishing element
Info: Artifact:documento_de_estructura: 16 mini seconds publishing element
Info: Artifact:diagrama_de_flujo_de_las_reglas_con_los_procesos: 0 mini seconds publishing element
Info: Artifact:documento_de_procesos: 15 mini seconds publishing element
Info: Artifact:mapa_de_los_procesos_organizacionales: 0 mini seconds publishing element
Info: Artifact:perfil_de_stakeholders: 0 mini seconds publishing element
Info: Artifact:identificacion_de_usuarios_del_sistema: 16 mini seconds publishing element
Info: Artifact:framework_zachman: 16 mini seconds publishing element
Info: Artifact:informe_de_grupos_de_trabajo: 0 mini seconds publishing element
Info: Artifact:formulario_en_papel: 0 mini seconds publishing element
Info: Artifact:diagrama_de_gantt: 15 mini seconds publishing element
Info: Artifact:matriz_de_analisis_de_riesgos_: 0 mini seconds publishing element
Info: Artifact:matriz_de_asignacion_de_recursos: 16 mini seconds publishing element
Info: Artifact:plan_de_gestion_del_proyecto: 0 mini seconds publishing element
Info: Artifact:soporte_detallado_del_presupuesto_del_proyecto_: 0 mini seconds publishing element
Info: Artifact:diagrama_de_casos_de_uso_de_sistema: 16 mini seconds publishing element
Info: Artifact:lista_actores_de_sistema: 15 mini seconds publishing element
Info: Artifact:documento_de_herramientas_disponibles: 0 mini seconds publishing element
Info: Artifact:especificacion_de_puntos_criticos_de_automatizacion: 16 mini seconds publishing element
Info: Artifact:lista_de_puntos_que_requieren_automatizacion: 0 mini seconds publishing element
Info: Artifact:analisis_de_funcionalidades: 15 mini seconds publishing element
Info: Artifact:formato_de_las_funcionalidades: 0 mini seconds publishing element
Info: Artifact:documento_de_requisitos_funcionales: 16 mini seconds publishing element
Info: Artifact:formulario_de_necesidades: 16 mini seconds publishing element
Info: Artifact:bitacora_de_negocio: 0 mini seconds publishing element
Info: Artifact:matriz_de_trazabilidad: 15 mini seconds publishing element
Info: Artifact:interfaces_de_usuario_o_mockups: 0 mini seconds publishing element
Info: Artifact:wireframe: 16 mini seconds publishing element
Info: Artifact:diagrama_de_clases: 16 mini seconds publishing element
Info: Artifact:diagrama_de_secuencias: 0 mini seconds publishing element
Info: Artifact:diagrama_de_secuencias: 15 mini seconds publishing element
Info: Artifact:codigo_del_proyecto_backend: 0 mini seconds publishing element
Info: Artifact:codigo_del_proyecto_frontend: 16 mini seconds publishing element
Info: Artifact:informe_de_validaciones: 0 mini seconds publishing element
Info: Artifact:informe_de_errores: 15 mini seconds publishing element
Info: Artifact:plan_de_pruebas: 16 mini seconds publishing element
Info: Artifact:informe_de_despligue: 0 mini seconds publishing element
Info: Artifact:aplicacion_final: 16 mini seconds publishing element
Info: Artifact:pruebas_del_plan_de_ejecucion: 15 mini seconds publishing element
Info: Artifact:diagrama_de_actividad: 0 mini seconds publishing element
Info: Artifact:documento_o_igual_al_requisitos: 16 mini seconds publishing element
Info: Artifact:documento_de_los_procesos: 0 mini seconds publishing element
Info: Artifact:documentos_de_la_organizacion_: 16 mini seconds publishing element
Info: Artifact:compilado_con_las_reglas_de_negocio: 0 mini seconds publishing element
Info: Artifact:acta_de_aprobacion: 15 mini seconds publishing element
Info: : Publishing time: 0 minutes 3 seconds
